d:\tex\password\password\x64\debug\main.obj
d:\tex\password\password\x64\debug\password.obj
d:\tex\password\password\x64\debug\dbmanger.obj
d:\tex\password\password\x64\debug\moc_password.obj
d:\tex\password\password\x64\debug\moc_dbmanger.obj
d:\tex\password\password\x64\debug\qrc_password.obj
d:\tex\password\password\x64\debug\vc141.pdb
d:\just_me\password\password\password\x64\debug\moc_dbmanger.obj
d:\just_me\password\password\password\x64\debug\moc_password.obj
d:\just_me\password\password\password\x64\debug\dbmanger.obj
d:\just_me\password\password\password\x64\debug\qrc_password.obj
d:\just_me\password\password\password\x64\debug\main.obj
d:\tex\password\x64\debug\password.exe
d:\tex\password\x64\debug\password.ilk
d:\tex\password\x64\debug\password.pdb
d:\tex\password\password\generatedfiles\debug\moc_password.cpp
d:\tex\password\password\generatedfiles\debug\moc_dbmanger.cpp
d:\tex\password\password\generatedfiles\qrc_password.cpp
d:\tex\password\password\generatedfiles\ui_password.h
d:\just_me\password\password\password\generatedfiles\debug\moc_password.cpp
d:\just_me\password\password\password\generatedfiles\debug\moc_dbmanger.cpp
d:\just_me\password\password\password\.\generatedfiles\debug\moc_password.cpp
d:\just_me\password\password\password\.\generatedfiles\debug\moc_dbmanger.cpp
d:\just_me\password\password\password\.\generatedfiles\qrc_password.cpp
d:\just_me\password\password\password\.\generatedfiles\ui_password.h
d:\tex\password\password\x64\debug\password.res
d:\just_me\password\password\password\x64\debug\password.res
d:\just_me\password\password\password\x64\debug\vc141.pdb
d:\just_me\password\password\x64\debug\password.pdb
d:\just_me\password\password\x64\debug\password.exe
d:\just_me\password\password\x64\debug\password.ilk
d:\just_me\password\password\password\x64\debug\password.tlog\cl.command.1.tlog
d:\just_me\password\password\password\x64\debug\password.tlog\cl.read.1.tlog
d:\just_me\password\password\password\x64\debug\password.tlog\cl.write.1.tlog
d:\just_me\password\password\password\x64\debug\password.tlog\link.command.1.tlog
d:\just_me\password\password\password\x64\debug\password.tlog\link.read.1.tlog
d:\just_me\password\password\password\x64\debug\password.tlog\link.write.1.tlog
d:\just_me\password\password\password\x64\debug\password.tlog\password.write.1u.tlog
d:\just_me\password\password\password\x64\debug\password.tlog\qtmoc.read.1u.tlog
d:\just_me\password\password\password\x64\debug\password.tlog\qtmoc.write.1u.tlog
d:\just_me\password\password\password\x64\debug\password.tlog\qtrcc.read.1u.tlog
d:\just_me\password\password\password\x64\debug\password.tlog\qtrcc.write.1u.tlog
d:\just_me\password\password\password\x64\debug\password.tlog\qtuic.read.1u.tlog
d:\just_me\password\password\password\x64\debug\password.tlog\qtuic.write.1u.tlog
d:\just_me\password\password\password\x64\debug\password.tlog\rc.command.1.tlog
d:\just_me\password\password\password\x64\debug\password.tlog\rc.read.1.tlog
d:\just_me\password\password\password\x64\debug\password.tlog\rc.write.1.tlog
