d:\代码库\wpf\c#混用c++\c#调用托管c++\cppdll\mycppdll\mycppdll\x64\debug\mycppdll.pch
d:\代码库\wpf\c#混用c++\c#调用托管c++\cppdll\mycppdll\mycppdll\x64\debug\vc141.pdb
d:\代码库\wpf\c#混用c++\c#调用托管c++\cppdll\mycppdll\mycppdll\x64\debug\stdafx.obj
d:\代码库\wpf\c#混用c++\c#调用托管c++\cppdll\mycppdll\mycppdll\x64\debug\mycppdll.obj
d:\代码库\wpf\c#混用c++\c#调用托管c++\cppdll\mycppdll\mycppdll\x64\debug\dllmain.obj
d:\代码库\wpf\c#混用c++\c#调用托管c++\cppdll\mycppdll\mycppdll\x64\debug\cppdll.obj
d:\代码库\wpf\c#混用c++\c#调用托管c++\cppdll\mycppdll\mycppdll\x64\debug\.netframework,version=v4.0.assemblyattributes.obj
d:\代码库\wpf\c#混用c++\c#调用托管c++\cppdll\mycppdll\mycppdll\x64\debug\.netframework,version=v4.0.assemblyattributes.asm
d:\代码库\wpf\c#混用c++\c#调用托管c++\cppdll\mycppdll\x64\debug\mycppdll.dll
d:\代码库\wpf\c#混用c++\c#调用托管c++\cppdll\mycppdll\x64\debug\mycppdll.pdb
d:\代码库\wpf\c#混用c++\c#调用托管c++\cppdll\mycppdll\x64\debug\mycppdll.lib
d:\代码库\wpf\c#混用c++\c#调用托管c++\cppdll\mycppdll\x64\debug\mycppdll.exp
d:\代码库\wpf\c#混用c++\c#调用托管c++\cppdll\mycppdll\mycppdll\x64\debug\mycppdll.vcxprojassemblyreference.cache
d:\代码库\wpf\c#混用c++\c#调用托管c++\cppdll\mycppdll\mycppdll\x64\debug\mycppdll.tlog\cl.command.1.tlog
d:\代码库\wpf\c#混用c++\c#调用托管c++\cppdll\mycppdll\mycppdll\x64\debug\mycppdll.tlog\cl.read.1.tlog
d:\代码库\wpf\c#混用c++\c#调用托管c++\cppdll\mycppdll\mycppdll\x64\debug\mycppdll.tlog\cl.write.1.tlog
d:\代码库\wpf\c#混用c++\c#调用托管c++\cppdll\mycppdll\mycppdll\x64\debug\mycppdll.tlog\link.command.1.tlog
d:\代码库\wpf\c#混用c++\c#调用托管c++\cppdll\mycppdll\mycppdll\x64\debug\mycppdll.tlog\link.read.1.tlog
d:\代码库\wpf\c#混用c++\c#调用托管c++\cppdll\mycppdll\mycppdll\x64\debug\mycppdll.tlog\link.write.1.tlog
d:\代码库\wpf\c#混用c++\c#调用托管c++\cppdll\mycppdll\mycppdll\x64\debug\mycppdll.tlog\metagen.read.1.tlog
d:\代码库\wpf\c#混用c++\c#调用托管c++\cppdll\mycppdll\mycppdll\x64\debug\mycppdll.tlog\metagen.write.1.tlog
d:\代码库\wpf\c#混用c++\c#调用托管c++\cppdll\mycppdll\mycppdll\x64\debug\mycppdll.tlog\mycppdll.write.1u.tlog
