d:\tex\password\password\x64\release\dbmanger.obj
d:\tex\password\password\x64\release\password.obj
d:\tex\password\password\x64\release\moc_password.obj
d:\tex\password\password\x64\release\main.obj
d:\tex\password\password\x64\release\moc_dbmanger.obj
d:\tex\password\password\x64\release\qrc_password.obj
d:\tex\password\x64\release\password.exe
d:\tex\password\password\generatedfiles\release\moc_password.cpp
d:\tex\password\password\generatedfiles\release\moc_dbmanger.cpp
d:\tex\password\password\generatedfiles\qrc_password.cpp
d:\tex\password\password\generatedfiles\ui_password.h
d:\tex\password\password\x64\release\password.res
d:\tex\password\password\x64\release\password.tlog\cl.10988.write.1.tlog
d:\tex\password\password\x64\release\password.tlog\cl.command.1.tlog
d:\tex\password\password\x64\release\password.tlog\cl.read.1.tlog
d:\tex\password\password\x64\release\password.tlog\link.command.1.tlog
d:\tex\password\password\x64\release\password.tlog\link.read.1.tlog
d:\tex\password\password\x64\release\password.tlog\link.write.1.tlog
d:\tex\password\password\x64\release\password.tlog\password.write.1u.tlog
d:\tex\password\password\x64\release\password.tlog\rc.command.1.tlog
d:\tex\password\password\x64\release\password.tlog\rc.read.1.tlog
d:\tex\password\password\x64\release\password.tlog\rc.write.1.tlog
